  BANK.cpp
C:\Users\Mohamd Kalleh\source\repos\BANK\BANK\clsUtil.h(4,9): warning C4067: unexpected tokens following preprocessor directive - expected a newline
  (compiling source file 'BANK.cpp')
  
C:\Users\Mohamd Kalleh\source\repos\BANK\BANK\clsString.h(43,25): warning C4267: 'return': conversion from 'size_t' to 'short', possible loss of data
  (compiling source file 'BANK.cpp')
  
C:\Users\Mohamd Kalleh\source\repos\BANK\BANK\clsString.h(48,29): warning C4267: 'return': conversion from 'size_t' to 'short', possible loss of data
  (compiling source file 'BANK.cpp')
  
C:\Users\Mohamd Kalleh\source\repos\BANK\BANK\clsString.h(60,30): warning C4267: '=': conversion from 'size_t' to 'short', possible loss of data
  (compiling source file 'BANK.cpp')
  
C:\Users\Mohamd Kalleh\source\repos\BANK\BANK\clsString.h(195,29): warning C4267: 'return': conversion from 'size_t' to 'short', possible loss of data
  (compiling source file 'BANK.cpp')
  
C:\Users\Mohamd Kalleh\source\repos\BANK\BANK\clsString.h(332,30): warning C4267: '=': conversion from 'size_t' to 'short', possible loss of data
  (compiling source file 'BANK.cpp')
  
C:\Users\Mohamd Kalleh\source\repos\BANK\BANK\clsString.h(380,22): warning C4267: 'initializing': conversion from 'size_t' to 'short', possible loss of data
  (compiling source file 'BANK.cpp')
  
C:\Users\Mohamd Kalleh\source\repos\BANK\BANK\clsUser.h(189,12): warning C4240: nonstandard extension used: access to 'clsUser::stLoginRegisterRecord' now defined to be 'public', previously it was defined to be 'private'
  (compiling source file 'BANK.cpp')
  C:\Users\Mohamd Kalleh\source\repos\BANK\BANK\clsUser.h(23,12):
  see declaration of 'clsUser::stLoginRegisterRecord'
  
C:\Users\Mohamd Kalleh\source\repos\BANK\BANK\clsMainScreen.h(5,9): warning C4067: unexpected tokens following preprocessor directive - expected a newline
  (compiling source file 'BANK.cpp')
  
C:\Users\Mohamd Kalleh\source\repos\BANK\BANK\clsBankClient.h(221,12): warning C4240: nonstandard extension used: access to 'clsBankClient::stTransferLogRecord' now defined to be 'public', previously it was defined to be 'private'
  (compiling source file 'BANK.cpp')
  C:\Users\Mohamd Kalleh\source\repos\BANK\BANK\clsBankClient.h(34,12):
  see declaration of 'clsBankClient::stTransferLogRecord'
  
C:\Users\Mohamd Kalleh\source\repos\BANK\BANK\clsBankClient.h(30,65): warning C4244: 'argument': conversion from 'double' to 'float', possible loss of data
  (compiling source file 'BANK.cpp')
  
C:\Users\Mohamd Kalleh\source\repos\BANK\BANK\clsBankClient.h(437,28): warning C4244: '+=': conversion from 'double' to 'float', possible loss of data
  (compiling source file 'BANK.cpp')
  
C:\Users\Mohamd Kalleh\source\repos\BANK\BANK\clsBankClient.h(451,32): warning C4244: '-=': conversion from 'double' to 'float', possible loss of data
  (compiling source file 'BANK.cpp')
  
C:\Users\Mohamd Kalleh\source\repos\BANK\BANK\clsMainScreen.h(6,9): warning C4067: unexpected tokens following preprocessor directive - expected a newline
  (compiling source file 'BANK.cpp')
  
C:\Users\Mohamd Kalleh\source\repos\BANK\BANK\clsAddNewClientsSecreen.h(3,9): warning C4067: unexpected tokens following preprocessor directive - expected a newline
  (compiling source file 'BANK.cpp')
  
C:\Users\Mohamd Kalleh\source\repos\BANK\BANK\clsMainScreen.h(7,9): warning C4067: unexpected tokens following preprocessor directive - expected a newline
  (compiling source file 'BANK.cpp')
  
C:\Users\Mohamd Kalleh\source\repos\BANK\BANK\clsDeleteClientScreen.h(3,9): warning C4067: unexpected tokens following preprocessor directive - expected a newline
  (compiling source file 'BANK.cpp')
  
C:\Users\Mohamd Kalleh\source\repos\BANK\BANK\clsMainScreen.h(8,9): warning C4067: unexpected tokens following preprocessor directive - expected a newline
  (compiling source file 'BANK.cpp')
  
C:\Users\Mohamd Kalleh\source\repos\BANK\BANK\clsUpdateClientScreen.h(3,9): warning C4067: unexpected tokens following preprocessor directive - expected a newline
  (compiling source file 'BANK.cpp')
  
C:\Users\Mohamd Kalleh\source\repos\BANK\BANK\clsMainScreen.h(9,9): warning C4067: unexpected tokens following preprocessor directive - expected a newline
  (compiling source file 'BANK.cpp')
  
C:\Users\Mohamd Kalleh\source\repos\BANK\BANK\clsFindClientScreen.h(3,9): warning C4067: unexpected tokens following preprocessor directive - expected a newline
  (compiling source file 'BANK.cpp')
  
C:\Users\Mohamd Kalleh\source\repos\BANK\BANK\clsMainScreen.h(10,9): warning C4067: unexpected tokens following preprocessor directive - expected a newline
  (compiling source file 'BANK.cpp')
  
C:\Users\Mohamd Kalleh\source\repos\BANK\BANK\clsTransactionsScreen.h(2,9): warning C4067: unexpected tokens following preprocessor directive - expected a newline
  (compiling source file 'BANK.cpp')
  
C:\Users\Mohamd Kalleh\source\repos\BANK\BANK\clsTransactionsScreen.h(5,9): warning C4067: unexpected tokens following preprocessor directive - expected a newline
  (compiling source file 'BANK.cpp')
  
C:\Users\Mohamd Kalleh\source\repos\BANK\BANK\clsTransactionsScreen.h(7,9): warning C4067: unexpected tokens following preprocessor directive - expected a newline
  (compiling source file 'BANK.cpp')
  
C:\Users\Mohamd Kalleh\source\repos\BANK\BANK\clsTotalBalancesScreen.h(59,60): warning C4244: 'argument': conversion from 'double' to 'int', possible loss of data
  (compiling source file 'BANK.cpp')
  
C:\Users\Mohamd Kalleh\source\repos\BANK\BANK\clsBillScreen.h(3,9): warning C4067: unexpected tokens following preprocessor directive - expected a newline
  (compiling source file 'BANK.cpp')
  
C:\Users\Mohamd Kalleh\source\repos\BANK\BANK\clsMainScreen.h(11,9): warning C4067: unexpected tokens following preprocessor directive - expected a newline
  (compiling source file 'BANK.cpp')
  
C:\Users\Mohamd Kalleh\source\repos\BANK\BANK\clsManageUsersScreen.h(5,9): warning C4067: unexpected tokens following preprocessor directive - expected a newline
  (compiling source file 'BANK.cpp')
  
C:\Users\Mohamd Kalleh\source\repos\BANK\BANK\clsManageUsersScreen.h(6,9): warning C4067: unexpected tokens following preprocessor directive - expected a newline
  (compiling source file 'BANK.cpp')
  
C:\Users\Mohamd Kalleh\source\repos\BANK\BANK\clsManageUsersScreen.h(7,9): warning C4067: unexpected tokens following preprocessor directive - expected a newline
  (compiling source file 'BANK.cpp')
  
C:\Users\Mohamd Kalleh\source\repos\BANK\BANK\clsManageUsersScreen.h(8,9): warning C4067: unexpected tokens following preprocessor directive - expected a newline
  (compiling source file 'BANK.cpp')
  
C:\Users\Mohamd Kalleh\source\repos\BANK\BANK\clsManageUsersScreen.h(9,9): warning C4067: unexpected tokens following preprocessor directive - expected a newline
  (compiling source file 'BANK.cpp')
  
C:\Users\Mohamd Kalleh\source\repos\BANK\BANK\clsCurrency.h(27,17): warning C4244: 'argument': conversion from 'double' to 'float', possible loss of data
  (compiling source file 'BANK.cpp')
  
C:\Users\Mohamd Kalleh\source\repos\BANK\BANK\clsCurrencyExchangeMainScreen.h(7,9): warning C4067: unexpected tokens following preprocessor directive - expected a newline
  (compiling source file 'BANK.cpp')
  
C:\Users\Mohamd Kalleh\source\repos\BANK\BANK\clsBankClient.h(376,1): warning C4715: 'clsBankClient::Save': not all control paths return a value
C:\Users\Mohamd Kalleh\source\repos\BANK\BANK\clsBankClient.h(454,1): warning C4715: 'clsBankClient::Withdraw': not all control paths return a value
C:\Users\Mohamd Kalleh\source\repos\BANK\BANK\clsUser.h(347,1): warning C4715: 'clsUser::Save': not all control paths return a value
  BANK.vcxproj -> C:\Users\Mohamd Kalleh\source\repos\BANK\x64\Debug\BANK.exe
